<?xml version="1.0" encoding="UTF-8"?>
<testng-results skipped="0" failed="1" total="6" passed="5">
  <reporter-output>
  </reporter-output>
  <suite name="All Test Suite" duration-ms="13904" started-at="2017-09-18T08:59:47Z" finished-at="2017-09-18T09:00:01Z">
    <groups>
      <group name="sjg">
        <method signature="SjgLoginPage.testLogin(java.lang.String, java.lang.String)[pri:0, instance:org.selenide.testNG.example.SjgLoginPage@67b64c45]" name="testLogin" class="org.selenide.testNG.example.SjgLoginPage"/>
        <method signature="SjgLoginPage.testSJGPrint1()[pri:0, instance:org.selenide.testNG.example.SjgLoginPage@67b64c45]" name="testSJGPrint1" class="org.selenide.testNG.example.SjgLoginPage"/>
        <method signature="SjgLoginPage.testSJGPrint2()[pri:0, instance:org.selenide.testNG.example.SjgLoginPage@67b64c45]" name="testSJGPrint2" class="org.selenide.testNG.example.SjgLoginPage"/>
      </group> <!-- sjg -->
      <group name="google">
        <method signature="GooglePage2.testPrint1()[pri:0, instance:org.selenide.testNG.example.GooglePage2@6aaa5eb0]" name="testPrint1" class="org.selenide.testNG.example.GooglePage2"/>
        <method signature="GooglePage2.testPrint2()[pri:0, instance:org.selenide.testNG.example.GooglePage2@6aaa5eb0]" name="testPrint2" class="org.selenide.testNG.example.GooglePage2"/>
        <method signature="GooglePage2.testUserSearch()[pri:0, instance:org.selenide.testNG.example.GooglePage2@6aaa5eb0]" name="testUserSearch" class="org.selenide.testNG.example.GooglePage2"/>
      </group> <!-- google -->
    </groups>
    <test name="/home/dushanshan/git/selenide-demo/maven_Demo/src/test/java/org/selenide/testNG/example" duration-ms="13904" started-at="2017-09-18T08:59:47Z" finished-at="2017-09-18T09:00:01Z">
      <class name="org.selenide.testNG.example.SjgLoginPage">
        <test-method status="PASS" signature="setUp()[pri:0, instance:org.selenide.testNG.example.SjgLoginPage@67b64c45]" name="setUp" is-config="true" duration-ms="10" started-at="2017-09-18T16:59:47Z" finished-at="2017-09-18T16:59:47Z">
          <reporter-output>
          </reporter-output>
        </test-method> <!-- setUp -->
        <test-method status="FAIL" signature="testLogin(java.lang.String, java.lang.String)[pri:0, instance:org.selenide.testNG.example.SjgLoginPage@67b64c45]" name="testLogin" duration-ms="1814" started-at="2017-09-18T16:59:59Z" data-provider="user" finished-at="2017-09-18T17:00:01Z">
          <params>
            <param index="0">
              <value>
                <![CDATA[dushanshan@gbase.cn]]>
              </value>
            </param>
            <param index="1">
              <value>
                <![CDATA[123456]]>
              </value>
            </param>
          </params>
          <exception class="java.lang.AssertionError">
            <message>
              <![CDATA[expected [数据观 - 所有人都能使用的数据分析工具] but found [登录-数据观]]]>
            </message>
            <full-stacktrace>
              <![CDATA[java.lang.AssertionError: expected [数据观 - 所有人都能使用的数据分析工具] but found [登录-数据观]
	at org.testng.Assert.fail(Assert.java:94)
	at org.testng.Assert.failNotEquals(Assert.java:494)
	at org.testng.Assert.assertEquals(Assert.java:123)
	at org.testng.Assert.assertEquals(Assert.java:176)
	at org.testng.Assert.assertEquals(Assert.java:186)
	at org.selenide.testNG.example.SjgLoginPage.testLogin(SjgLoginPage.java:46)
	at sun.reflect.NativeMethodAccessorImpl.invoke0(Native Method)
	at sun.reflect.NativeMethodAccessorImpl.invoke(NativeMethodAccessorImpl.java:62)
	at sun.reflect.DelegatingMethodAccessorImpl.invoke(DelegatingMethodAccessorImpl.java:43)
	at java.lang.reflect.Method.invoke(Method.java:483)
	at org.testng.internal.MethodInvocationHelper.invokeMethod(MethodInvocationHelper.java:85)
	at org.testng.internal.Invoker.invokeMethod(Invoker.java:696)
	at org.testng.internal.Invoker.invokeTestMethod(Invoker.java:882)
	at org.testng.internal.Invoker.invokeTestMethods(Invoker.java:1189)
	at org.testng.internal.TestMethodWorker.invokeTestMethods(TestMethodWorker.java:124)
	at org.testng.internal.TestMethodWorker.run(TestMethodWorker.java:108)
	at org.testng.TestRunner.privateRun(TestRunner.java:767)
	at org.testng.TestRunner.run(TestRunner.java:617)
	at org.testng.SuiteRunner.runTest(SuiteRunner.java:348)
	at org.testng.SuiteRunner.runSequentially(SuiteRunner.java:343)
	at org.testng.SuiteRunner.privateRun(SuiteRunner.java:305)
	at org.testng.SuiteRunner.run(SuiteRunner.java:254)
	at org.testng.SuiteRunnerWorker.runSuite(SuiteRunnerWorker.java:52)
	at org.testng.SuiteRunnerWorker.run(SuiteRunnerWorker.java:86)
	at org.testng.TestNG.runSuitesSequentially(TestNG.java:1224)
	at org.testng.TestNG.runSuitesLocally(TestNG.java:1149)
	at org.testng.TestNG.run(TestNG.java:1057)
	at org.testng.remote.RemoteTestNG.run(RemoteTestNG.java:111)
	at org.testng.remote.RemoteTestNG.initAndRun(RemoteTestNG.java:204)
	at org.testng.remote.RemoteTestNG.main(RemoteTestNG.java:175)
	at org.testng.RemoteTestNGStarter.main(RemoteTestNGStarter.java:125)
	at sun.reflect.NativeMethodAccessorImpl.invoke0(Native Method)
	at sun.reflect.NativeMethodAccessorImpl.invoke(NativeMethodAccessorImpl.java:62)
	at sun.reflect.DelegatingMethodAccessorImpl.invoke(DelegatingMethodAccessorImpl.java:43)
	at java.lang.reflect.Method.invoke(Method.java:483)
	at com.intellij.rt.execution.application.AppMain.main(AppMain.java:140)
]]>
            </full-stacktrace>
          </exception> <!-- java.lang.AssertionError -->
          <reporter-output>
          </reporter-output>
        </test-method> <!-- testLogin -->
        <test-method status="PASS" signature="testSJGPrint1()[pri:0, instance:org.selenide.testNG.example.SjgLoginPage@67b64c45]" name="testSJGPrint1" duration-ms="1" started-at="2017-09-18T17:00:01Z" finished-at="2017-09-18T17:00:01Z">
          <reporter-output>
          </reporter-output>
        </test-method> <!-- testSJGPrint1 -->
        <test-method status="PASS" signature="testSJGPrint2()[pri:0, instance:org.selenide.testNG.example.SjgLoginPage@67b64c45]" name="testSJGPrint2" duration-ms="0" started-at="2017-09-18T17:00:01Z" finished-at="2017-09-18T17:00:01Z">
          <reporter-output>
          </reporter-output>
        </test-method> <!-- testSJGPrint2 -->
        <test-method status="PASS" signature="afterClass()[pri:0, instance:org.selenide.testNG.example.SjgLoginPage@67b64c45]" name="afterClass" is-config="true" duration-ms="0" started-at="2017-09-18T17:00:01Z" finished-at="2017-09-18T17:00:01Z">
          <reporter-output>
          </reporter-output>
        </test-method> <!-- afterClass -->
      </class> <!-- org.selenide.testNG.example.SjgLoginPage -->
      <class name="org.selenide.testNG.example.GooglePage2">
        <test-method status="PASS" signature="testUserSearch()[pri:0, instance:org.selenide.testNG.example.GooglePage2@6aaa5eb0]" name="testUserSearch" duration-ms="12065" started-at="2017-09-18T16:59:47Z" finished-at="2017-09-18T16:59:59Z">
          <reporter-output>
          </reporter-output>
        </test-method> <!-- testUserSearch -->
        <test-method status="PASS" signature="testPrint2()[pri:0, instance:org.selenide.testNG.example.GooglePage2@6aaa5eb0]" name="testPrint2" duration-ms="1" started-at="2017-09-18T16:59:59Z" finished-at="2017-09-18T16:59:59Z">
          <reporter-output>
          </reporter-output>
        </test-method> <!-- testPrint2 -->
        <test-method status="PASS" signature="testPrint1()[pri:0, instance:org.selenide.testNG.example.GooglePage2@6aaa5eb0]" name="testPrint1" duration-ms="0" started-at="2017-09-18T16:59:59Z" finished-at="2017-09-18T16:59:59Z">
          <reporter-output>
          </reporter-output>
        </test-method> <!-- testPrint1 -->
      </class> <!-- org.selenide.testNG.example.GooglePage2 -->
    </test> <!-- /home/dushanshan/git/selenide-demo/maven_Demo/src/test/java/org/selenide/testNG/example -->
  </suite> <!-- All Test Suite -->
</testng-results>
